[debug] [2025-07-13T06:34:05.034Z] ----------------------------------------------------------------------
[debug] [2025-07-13T06:34:05.038Z] Command:       C:\Program Files\nodejs\node.exe C:\Users\cleo\AppData\Roaming\npm\node_modules\firebase-tools\lib\bin\firebase.js init
[debug] [2025-07-13T06:34:05.038Z] CLI Version:   14.10.1
[debug] [2025-07-13T06:34:05.038Z] Platform:      win32
[debug] [2025-07-13T06:34:05.038Z] Node Version:  v22.17.0
[debug] [2025-07-13T06:34:05.039Z] Time:          Sun Jul 13 2025 15:34:05 GMT+0900 (대한민국 표준시)
[debug] [2025-07-13T06:34:05.039Z] ----------------------------------------------------------------------
[debug] 
[debug] [2025-07-13T06:34:05.046Z] > command requires scopes: ["email","openid","https://www.googleapis.com/auth/cloudplatformprojects.readonly","https://www.googleapis.com/auth/firebase","https://www.googleapis.com/auth/cloud-platform"]
[debug] [2025-07-13T06:34:05.046Z] > authorizing via signed-in user (jungho595959@gmail.com)
[info] 
     ######## #### ########  ######## ########     ###     ######  ########
     ##        ##  ##     ## ##       ##     ##  ##   ##  ##       ##
     ######    ##  ########  ######   ########  #########  ######  ######
     ##        ##  ##    ##  ##       ##     ## ##     ##       ## ##
     ##       #### ##     ## ######## ########  ##     ##  ######  ########

You're about to initialize a Firebase project in this directory:

  C:\Users\cleo\Desktop\kaka58

[info] 
=== Project Setup
[info] 
[info] First, let's associate this project directory with a Firebase project.
[info] You can create multiple project aliases by running firebase use --add, 
[info] but for now we'll just set up a default project.
[info] 
[debug] [2025-07-13T06:36:14.625Z] Checked if tokens are valid: true, expires at: 1752391012983
[debug] [2025-07-13T06:36:14.626Z] Checked if tokens are valid: true, expires at: 1752391012983
[debug] [2025-07-13T06:36:14.627Z] >>> [apiv2][query] GET https://firebase.googleapis.com/v1beta1/projects pageSize=100
[debug] [2025-07-13T06:36:15.689Z] <<< [apiv2][status] GET https://firebase.googleapis.com/v1beta1/projects 200
[debug] [2025-07-13T06:36:15.690Z] <<< [apiv2][body] GET https://firebase.googleapis.com/v1beta1/projects [omitted]
[info] i  Using project lolo5599-1ed73 (lolo5599) 
[info] 
=== Dataconnect Setup
[debug] [2025-07-13T06:36:24.122Z] Checked if tokens are valid: true, expires at: 1752391012983
[debug] [2025-07-13T06:36:24.122Z] Checked if tokens are valid: true, expires at: 1752391012983
[debug] [2025-07-13T06:36:24.122Z] >>> [apiv2][query] GET https://cloudbilling.googleapis.com/v1/projects/lolo5599-1ed73/billingInfo [none]
